{
    "C:\\Users\\jqfri\\Revature\\project1\\src\\repository\\ticketDAO.js": {
        "path": "C:\\Users\\jqfri\\Revature\\project1\\src\\repository\\ticketDAO.js",
        "statementMap": {
            "0": {
                "start": {
                    "line": 1,
                    "column": 27
                },
                "end": {
                    "line": 1,
                    "column": 62
                }
            },
            "1": {
                "start": {
                    "line": 2,
                    "column": 116
                },
                "end": {
                    "line": 2,
                    "column": 148
                }
            },
            "2": {
                "start": {
                    "line": 3,
                    "column": 15
                },
                "end": {
                    "line": 3,
                    "column": 40
                }
            },
            "3": {
                "start": {
                    "line": 4,
                    "column": 15
                },
                "end": {
                    "line": 4,
                    "column": 58
                }
            },
            "4": {
                "start": {
                    "line": 5,
                    "column": 23
                },
                "end": {
                    "line": 5,
                    "column": 58
                }
            },
            "5": {
                "start": {
                    "line": 7,
                    "column": 18
                },
                "end": {
                    "line": 7,
                    "column": 30
                }
            },
            "6": {
                "start": {
                    "line": 9,
                    "column": 22
                },
                "end": {
                    "line": 19,
                    "column": 1
                }
            },
            "7": {
                "start": {
                    "line": 10,
                    "column": 20
                },
                "end": {
                    "line": 12,
                    "column": 6
                }
            },
            "8": {
                "start": {
                    "line": 13,
                    "column": 4
                },
                "end": {
                    "line": 18,
                    "column": 5
                }
            },
            "9": {
                "start": {
                    "line": 14,
                    "column": 21
                },
                "end": {
                    "line": 14,
                    "column": 55
                }
            },
            "10": {
                "start": {
                    "line": 15,
                    "column": 8
                },
                "end": {
                    "line": 15,
                    "column": 26
                }
            },
            "11": {
                "start": {
                    "line": 17,
                    "column": 8
                },
                "end": {
                    "line": 17,
                    "column": 28
                }
            },
            "12": {
                "start": {
                    "line": 20,
                    "column": 18
                },
                "end": {
                    "line": 33,
                    "column": 1
                }
            },
            "13": {
                "start": {
                    "line": 21,
                    "column": 20
                },
                "end": {
                    "line": 26,
                    "column": 6
                }
            },
            "14": {
                "start": {
                    "line": 27,
                    "column": 4
                },
                "end": {
                    "line": 32,
                    "column": 5
                }
            },
            "15": {
                "start": {
                    "line": 28,
                    "column": 21
                },
                "end": {
                    "line": 28,
                    "column": 55
                }
            },
            "16": {
                "start": {
                    "line": 29,
                    "column": 8
                },
                "end": {
                    "line": 29,
                    "column": 25
                }
            },
            "17": {
                "start": {
                    "line": 31,
                    "column": 8
                },
                "end": {
                    "line": 31,
                    "column": 28
                }
            },
            "18": {
                "start": {
                    "line": 34,
                    "column": 19
                },
                "end": {
                    "line": 45,
                    "column": 1
                }
            },
            "19": {
                "start": {
                    "line": 35,
                    "column": 20
                },
                "end": {
                    "line": 38,
                    "column": 6
                }
            },
            "20": {
                "start": {
                    "line": 39,
                    "column": 4
                },
                "end": {
                    "line": 44,
                    "column": 5
                }
            },
            "21": {
                "start": {
                    "line": 40,
                    "column": 21
                },
                "end": {
                    "line": 40,
                    "column": 55
                }
            },
            "22": {
                "start": {
                    "line": 41,
                    "column": 8
                },
                "end": {
                    "line": 41,
                    "column": 35
                }
            },
            "23": {
                "start": {
                    "line": 43,
                    "column": 8
                },
                "end": {
                    "line": 43,
                    "column": 28
                }
            },
            "24": {
                "start": {
                    "line": 46,
                    "column": 21
                },
                "end": {
                    "line": 62,
                    "column": 1
                }
            },
            "25": {
                "start": {
                    "line": 47,
                    "column": 20
                },
                "end": {
                    "line": 55,
                    "column": 6
                }
            },
            "26": {
                "start": {
                    "line": 56,
                    "column": 4
                },
                "end": {
                    "line": 61,
                    "column": 5
                }
            },
            "27": {
                "start": {
                    "line": 57,
                    "column": 21
                },
                "end": {
                    "line": 57,
                    "column": 55
                }
            },
            "28": {
                "start": {
                    "line": 58,
                    "column": 8
                },
                "end": {
                    "line": 58,
                    "column": 35
                }
            },
            "29": {
                "start": {
                    "line": 60,
                    "column": 8
                },
                "end": {
                    "line": 60,
                    "column": 28
                }
            },
            "30": {
                "start": {
                    "line": 63,
                    "column": 21
                },
                "end": {
                    "line": 76,
                    "column": 1
                }
            },
            "31": {
                "start": {
                    "line": 64,
                    "column": 20
                },
                "end": {
                    "line": 69,
                    "column": 6
                }
            },
            "32": {
                "start": {
                    "line": 70,
                    "column": 4
                },
                "end": {
                    "line": 75,
                    "column": 5
                }
            },
            "33": {
                "start": {
                    "line": 71,
                    "column": 21
                },
                "end": {
                    "line": 71,
                    "column": 55
                }
            },
            "34": {
                "start": {
                    "line": 72,
                    "column": 8
                },
                "end": {
                    "line": 72,
                    "column": 35
                }
            },
            "35": {
                "start": {
                    "line": 74,
                    "column": 8
                },
                "end": {
                    "line": 74,
                    "column": 28
                }
            },
            "36": {
                "start": {
                    "line": 78,
                    "column": 0
                },
                "end": {
                    "line": 84,
                    "column": 2
                }
            }
        },
        "fnMap": {
            "0": {
                "name": "(anonymous_0)",
                "decl": {
                    "start": {
                        "line": 9,
                        "column": 22
                    },
                    "end": {
                        "line": 9,
                        "column": 23
                    }
                },
                "loc": {
                    "start": {
                        "line": 9,
                        "column": 34
                    },
                    "end": {
                        "line": 19,
                        "column": 1
                    }
                },
                "line": 9
            },
            "1": {
                "name": "(anonymous_1)",
                "decl": {
                    "start": {
                        "line": 20,
                        "column": 18
                    },
                    "end": {
                        "line": 20,
                        "column": 19
                    }
                },
                "loc": {
                    "start": {
                        "line": 20,
                        "column": 37
                    },
                    "end": {
                        "line": 33,
                        "column": 1
                    }
                },
                "line": 20
            },
            "2": {
                "name": "(anonymous_2)",
                "decl": {
                    "start": {
                        "line": 34,
                        "column": 19
                    },
                    "end": {
                        "line": 34,
                        "column": 20
                    }
                },
                "loc": {
                    "start": {
                        "line": 34,
                        "column": 35
                    },
                    "end": {
                        "line": 45,
                        "column": 1
                    }
                },
                "line": 34
            },
            "3": {
                "name": "(anonymous_3)",
                "decl": {
                    "start": {
                        "line": 46,
                        "column": 21
                    },
                    "end": {
                        "line": 46,
                        "column": 22
                    }
                },
                "loc": {
                    "start": {
                        "line": 46,
                        "column": 53
                    },
                    "end": {
                        "line": 62,
                        "column": 1
                    }
                },
                "line": 46
            },
            "4": {
                "name": "(anonymous_4)",
                "decl": {
                    "start": {
                        "line": 63,
                        "column": 21
                    },
                    "end": {
                        "line": 63,
                        "column": 22
                    }
                },
                "loc": {
                    "start": {
                        "line": 63,
                        "column": 40
                    },
                    "end": {
                        "line": 76,
                        "column": 1
                    }
                },
                "line": 63
            }
        },
        "branchMap": {
            "0": {
                "loc": {
                    "start": {
                        "line": 41,
                        "column": 15
                    },
                    "end": {
                        "line": 41,
                        "column": 34
                    }
                },
                "type": "cond-expr",
                "locations": [
                    {
                        "start": {
                            "line": 41,
                            "column": 22
                        },
                        "end": {
                            "line": 41,
                            "column": 26
                        }
                    },
                    {
                        "start": {
                            "line": 41,
                            "column": 29
                        },
                        "end": {
                            "line": 41,
                            "column": 34
                        }
                    }
                ],
                "line": 41
            },
            "1": {
                "loc": {
                    "start": {
                        "line": 58,
                        "column": 15
                    },
                    "end": {
                        "line": 58,
                        "column": 34
                    }
                },
                "type": "cond-expr",
                "locations": [
                    {
                        "start": {
                            "line": 58,
                            "column": 22
                        },
                        "end": {
                            "line": 58,
                            "column": 26
                        }
                    },
                    {
                        "start": {
                            "line": 58,
                            "column": 29
                        },
                        "end": {
                            "line": 58,
                            "column": 34
                        }
                    }
                ],
                "line": 58
            },
            "2": {
                "loc": {
                    "start": {
                        "line": 72,
                        "column": 15
                    },
                    "end": {
                        "line": 72,
                        "column": 34
                    }
                },
                "type": "cond-expr",
                "locations": [
                    {
                        "start": {
                            "line": 72,
                            "column": 22
                        },
                        "end": {
                            "line": 72,
                            "column": 26
                        }
                    },
                    {
                        "start": {
                            "line": 72,
                            "column": 29
                        },
                        "end": {
                            "line": 72,
                            "column": 34
                        }
                    }
                ],
                "line": 72
            }
        },
        "s": {
            "0": 1,
            "1": 1,
            "2": 1,
            "3": 1,
            "4": 1,
            "5": 1,
            "6": 1,
            "7": 0,
            "8": 0,
            "9": 0,
            "10": 0,
            "11": 0,
            "12": 1,
            "13": 0,
            "14": 0,
            "15": 0,
            "16": 0,
            "17": 0,
            "18": 1,
            "19": 0,
            "20": 0,
            "21": 0,
            "22": 0,
            "23": 0,
            "24": 1,
            "25": 0,
            "26": 0,
            "27": 0,
            "28": 0,
            "29": 0,
            "30": 1,
            "31": 0,
            "32": 0,
            "33": 0,
            "34": 0,
            "35": 0,
            "36": 1
        },
        "f": {
            "0": 0,
            "1": 0,
            "2": 0,
            "3": 0,
            "4": 0
        },
        "b": {
            "0": [
                0,
                0
            ],
            "1": [
                0,
                0
            ],
            "2": [
                0,
                0
            ]
        },
        "_coverageSchema": "1a1c01bbd47fc00a2c39e90264f33305004495a9",
        "hash": "b90f421ae7973730c5f75b7e39e66032d0077db4"
    },
    "C:\\Users\\jqfri\\Revature\\project1\\src\\repository\\userDAO.js": {
        "path": "C:\\Users\\jqfri\\Revature\\project1\\src\\repository\\userDAO.js",
        "statementMap": {
            "0": {
                "start": {
                    "line": 1,
                    "column": 27
                },
                "end": {
                    "line": 1,
                    "column": 62
                }
            },
            "1": {
                "start": {
                    "line": 2,
                    "column": 102
                },
                "end": {
                    "line": 2,
                    "column": 134
                }
            },
            "2": {
                "start": {
                    "line": 3,
                    "column": 15
                },
                "end": {
                    "line": 3,
                    "column": 40
                }
            },
            "3": {
                "start": {
                    "line": 4,
                    "column": 15
                },
                "end": {
                    "line": 4,
                    "column": 58
                }
            },
            "4": {
                "start": {
                    "line": 5,
                    "column": 23
                },
                "end": {
                    "line": 5,
                    "column": 58
                }
            },
            "5": {
                "start": {
                    "line": 7,
                    "column": 18
                },
                "end": {
                    "line": 7,
                    "column": 28
                }
            },
            "6": {
                "start": {
                    "line": 9,
                    "column": 20
                },
                "end": {
                    "line": 19,
                    "column": 1
                }
            },
            "7": {
                "start": {
                    "line": 10,
                    "column": 20
                },
                "end": {
                    "line": 12,
                    "column": 6
                }
            },
            "8": {
                "start": {
                    "line": 13,
                    "column": 4
                },
                "end": {
                    "line": 18,
                    "column": 5
                }
            },
            "9": {
                "start": {
                    "line": 14,
                    "column": 21
                },
                "end": {
                    "line": 14,
                    "column": 55
                }
            },
            "10": {
                "start": {
                    "line": 15,
                    "column": 8
                },
                "end": {
                    "line": 15,
                    "column": 26
                }
            },
            "11": {
                "start": {
                    "line": 17,
                    "column": 8
                },
                "end": {
                    "line": 17,
                    "column": 28
                }
            },
            "12": {
                "start": {
                    "line": 20,
                    "column": 16
                },
                "end": {
                    "line": 33,
                    "column": 1
                }
            },
            "13": {
                "start": {
                    "line": 21,
                    "column": 20
                },
                "end": {
                    "line": 26,
                    "column": 6
                }
            },
            "14": {
                "start": {
                    "line": 27,
                    "column": 4
                },
                "end": {
                    "line": 32,
                    "column": 5
                }
            },
            "15": {
                "start": {
                    "line": 28,
                    "column": 21
                },
                "end": {
                    "line": 28,
                    "column": 55
                }
            },
            "16": {
                "start": {
                    "line": 29,
                    "column": 8
                },
                "end": {
                    "line": 29,
                    "column": 25
                }
            },
            "17": {
                "start": {
                    "line": 31,
                    "column": 8
                },
                "end": {
                    "line": 31,
                    "column": 28
                }
            },
            "18": {
                "start": {
                    "line": 34,
                    "column": 17
                },
                "end": {
                    "line": 45,
                    "column": 1
                }
            },
            "19": {
                "start": {
                    "line": 35,
                    "column": 20
                },
                "end": {
                    "line": 38,
                    "column": 6
                }
            },
            "20": {
                "start": {
                    "line": 39,
                    "column": 4
                },
                "end": {
                    "line": 44,
                    "column": 5
                }
            },
            "21": {
                "start": {
                    "line": 40,
                    "column": 21
                },
                "end": {
                    "line": 40,
                    "column": 55
                }
            },
            "22": {
                "start": {
                    "line": 41,
                    "column": 8
                },
                "end": {
                    "line": 41,
                    "column": 35
                }
            },
            "23": {
                "start": {
                    "line": 43,
                    "column": 8
                },
                "end": {
                    "line": 43,
                    "column": 28
                }
            },
            "24": {
                "start": {
                    "line": 46,
                    "column": 19
                },
                "end": {
                    "line": 62,
                    "column": 1
                }
            },
            "25": {
                "start": {
                    "line": 47,
                    "column": 20
                },
                "end": {
                    "line": 55,
                    "column": 6
                }
            },
            "26": {
                "start": {
                    "line": 56,
                    "column": 4
                },
                "end": {
                    "line": 61,
                    "column": 5
                }
            },
            "27": {
                "start": {
                    "line": 57,
                    "column": 21
                },
                "end": {
                    "line": 57,
                    "column": 55
                }
            },
            "28": {
                "start": {
                    "line": 58,
                    "column": 8
                },
                "end": {
                    "line": 58,
                    "column": 35
                }
            },
            "29": {
                "start": {
                    "line": 60,
                    "column": 8
                },
                "end": {
                    "line": 60,
                    "column": 28
                }
            },
            "30": {
                "start": {
                    "line": 63,
                    "column": 19
                },
                "end": {
                    "line": 76,
                    "column": 1
                }
            },
            "31": {
                "start": {
                    "line": 64,
                    "column": 20
                },
                "end": {
                    "line": 69,
                    "column": 6
                }
            },
            "32": {
                "start": {
                    "line": 70,
                    "column": 4
                },
                "end": {
                    "line": 75,
                    "column": 5
                }
            },
            "33": {
                "start": {
                    "line": 71,
                    "column": 21
                },
                "end": {
                    "line": 71,
                    "column": 55
                }
            },
            "34": {
                "start": {
                    "line": 72,
                    "column": 8
                },
                "end": {
                    "line": 72,
                    "column": 35
                }
            },
            "35": {
                "start": {
                    "line": 74,
                    "column": 8
                },
                "end": {
                    "line": 74,
                    "column": 28
                }
            },
            "36": {
                "start": {
                    "line": 78,
                    "column": 0
                },
                "end": {
                    "line": 84,
                    "column": 2
                }
            }
        },
        "fnMap": {
            "0": {
                "name": "(anonymous_0)",
                "decl": {
                    "start": {
                        "line": 9,
                        "column": 20
                    },
                    "end": {
                        "line": 9,
                        "column": 21
                    }
                },
                "loc": {
                    "start": {
                        "line": 9,
                        "column": 32
                    },
                    "end": {
                        "line": 19,
                        "column": 1
                    }
                },
                "line": 9
            },
            "1": {
                "name": "(anonymous_1)",
                "decl": {
                    "start": {
                        "line": 20,
                        "column": 16
                    },
                    "end": {
                        "line": 20,
                        "column": 17
                    }
                },
                "loc": {
                    "start": {
                        "line": 20,
                        "column": 33
                    },
                    "end": {
                        "line": 33,
                        "column": 1
                    }
                },
                "line": 20
            },
            "2": {
                "name": "(anonymous_2)",
                "decl": {
                    "start": {
                        "line": 34,
                        "column": 17
                    },
                    "end": {
                        "line": 34,
                        "column": 18
                    }
                },
                "loc": {
                    "start": {
                        "line": 34,
                        "column": 31
                    },
                    "end": {
                        "line": 45,
                        "column": 1
                    }
                },
                "line": 34
            },
            "3": {
                "name": "(anonymous_3)",
                "decl": {
                    "start": {
                        "line": 46,
                        "column": 19
                    },
                    "end": {
                        "line": 46,
                        "column": 20
                    }
                },
                "loc": {
                    "start": {
                        "line": 46,
                        "column": 47
                    },
                    "end": {
                        "line": 62,
                        "column": 1
                    }
                },
                "line": 46
            },
            "4": {
                "name": "(anonymous_4)",
                "decl": {
                    "start": {
                        "line": 63,
                        "column": 19
                    },
                    "end": {
                        "line": 63,
                        "column": 20
                    }
                },
                "loc": {
                    "start": {
                        "line": 63,
                        "column": 36
                    },
                    "end": {
                        "line": 76,
                        "column": 1
                    }
                },
                "line": 63
            }
        },
        "branchMap": {
            "0": {
                "loc": {
                    "start": {
                        "line": 41,
                        "column": 15
                    },
                    "end": {
                        "line": 41,
                        "column": 34
                    }
                },
                "type": "cond-expr",
                "locations": [
                    {
                        "start": {
                            "line": 41,
                            "column": 22
                        },
                        "end": {
                            "line": 41,
                            "column": 26
                        }
                    },
                    {
                        "start": {
                            "line": 41,
                            "column": 29
                        },
                        "end": {
                            "line": 41,
                            "column": 34
                        }
                    }
                ],
                "line": 41
            },
            "1": {
                "loc": {
                    "start": {
                        "line": 58,
                        "column": 15
                    },
                    "end": {
                        "line": 58,
                        "column": 34
                    }
                },
                "type": "cond-expr",
                "locations": [
                    {
                        "start": {
                            "line": 58,
                            "column": 22
                        },
                        "end": {
                            "line": 58,
                            "column": 26
                        }
                    },
                    {
                        "start": {
                            "line": 58,
                            "column": 29
                        },
                        "end": {
                            "line": 58,
                            "column": 34
                        }
                    }
                ],
                "line": 58
            },
            "2": {
                "loc": {
                    "start": {
                        "line": 72,
                        "column": 15
                    },
                    "end": {
                        "line": 72,
                        "column": 34
                    }
                },
                "type": "cond-expr",
                "locations": [
                    {
                        "start": {
                            "line": 72,
                            "column": 22
                        },
                        "end": {
                            "line": 72,
                            "column": 26
                        }
                    },
                    {
                        "start": {
                            "line": 72,
                            "column": 29
                        },
                        "end": {
                            "line": 72,
                            "column": 34
                        }
                    }
                ],
                "line": 72
            }
        },
        "s": {
            "0": 1,
            "1": 1,
            "2": 1,
            "3": 1,
            "4": 1,
            "5": 1,
            "6": 1,
            "7": 0,
            "8": 0,
            "9": 0,
            "10": 0,
            "11": 0,
            "12": 1,
            "13": 0,
            "14": 0,
            "15": 0,
            "16": 0,
            "17": 0,
            "18": 1,
            "19": 0,
            "20": 0,
            "21": 0,
            "22": 0,
            "23": 0,
            "24": 1,
            "25": 0,
            "26": 0,
            "27": 0,
            "28": 0,
            "29": 0,
            "30": 1,
            "31": 0,
            "32": 0,
            "33": 0,
            "34": 0,
            "35": 0,
            "36": 1
        },
        "f": {
            "0": 0,
            "1": 0,
            "2": 0,
            "3": 0,
            "4": 0
        },
        "b": {
            "0": [
                0,
                0
            ],
            "1": [
                0,
                0
            ],
            "2": [
                0,
                0
            ]
        },
        "_coverageSchema": "1a1c01bbd47fc00a2c39e90264f33305004495a9",
        "hash": "21e595018af85c8e2d35611a823cbb2396c7ac46"
    },
    "C:\\Users\\jqfri\\Revature\\project1\\src\\service\\ticketService.js": {
        "path": "C:\\Users\\jqfri\\Revature\\project1\\src\\service\\ticketService.js",
        "statementMap": {
            "0": {
                "start": {
                    "line": 1,
                    "column": 18
                },
                "end": {
                    "line": 1,
                    "column": 52
                }
            },
            "1": {
                "start": {
                    "line": 3,
                    "column": 22
                },
                "end": {
                    "line": 6,
                    "column": 1
                }
            },
            "2": {
                "start": {
                    "line": 4,
                    "column": 17
                },
                "end": {
                    "line": 4,
                    "column": 48
                }
            },
            "3": {
                "start": {
                    "line": 5,
                    "column": 4
                },
                "end": {
                    "line": 5,
                    "column": 16
                }
            },
            "4": {
                "start": {
                    "line": 8,
                    "column": 18
                },
                "end": {
                    "line": 12,
                    "column": 1
                }
            },
            "5": {
                "start": {
                    "line": 9,
                    "column": 4
                },
                "end": {
                    "line": 9,
                    "column": 38
                }
            },
            "6": {
                "start": {
                    "line": 9,
                    "column": 26
                },
                "end": {
                    "line": 9,
                    "column": 38
                }
            },
            "7": {
                "start": {
                    "line": 10,
                    "column": 17
                },
                "end": {
                    "line": 10,
                    "column": 53
                }
            },
            "8": {
                "start": {
                    "line": 11,
                    "column": 4
                },
                "end": {
                    "line": 11,
                    "column": 16
                }
            },
            "9": {
                "start": {
                    "line": 14,
                    "column": 30
                },
                "end": {
                    "line": 19,
                    "column": 1
                }
            },
            "10": {
                "start": {
                    "line": 15,
                    "column": 4
                },
                "end": {
                    "line": 15,
                    "column": 33
                }
            },
            "11": {
                "start": {
                    "line": 15,
                    "column": 21
                },
                "end": {
                    "line": 15,
                    "column": 33
                }
            },
            "12": {
                "start": {
                    "line": 16,
                    "column": 25
                },
                "end": {
                    "line": 16,
                    "column": 56
                }
            },
            "13": {
                "start": {
                    "line": 17,
                    "column": 18
                },
                "end": {
                    "line": 17,
                    "column": 93
                }
            },
            "14": {
                "start": {
                    "line": 17,
                    "column": 49
                },
                "end": {
                    "line": 17,
                    "column": 91
                }
            },
            "15": {
                "start": {
                    "line": 18,
                    "column": 4
                },
                "end": {
                    "line": 18,
                    "column": 17
                }
            },
            "16": {
                "start": {
                    "line": 21,
                    "column": 27
                },
                "end": {
                    "line": 26,
                    "column": 1
                }
            },
            "17": {
                "start": {
                    "line": 22,
                    "column": 4
                },
                "end": {
                    "line": 22,
                    "column": 28
                }
            },
            "18": {
                "start": {
                    "line": 22,
                    "column": 16
                },
                "end": {
                    "line": 22,
                    "column": 28
                }
            },
            "19": {
                "start": {
                    "line": 23,
                    "column": 25
                },
                "end": {
                    "line": 23,
                    "column": 56
                }
            },
            "20": {
                "start": {
                    "line": 24,
                    "column": 18
                },
                "end": {
                    "line": 24,
                    "column": 82
                }
            },
            "21": {
                "start": {
                    "line": 24,
                    "column": 49
                },
                "end": {
                    "line": 24,
                    "column": 80
                }
            },
            "22": {
                "start": {
                    "line": 25,
                    "column": 4
                },
                "end": {
                    "line": 25,
                    "column": 17
                }
            },
            "23": {
                "start": {
                    "line": 28,
                    "column": 18
                },
                "end": {
                    "line": 41,
                    "column": 1
                }
            },
            "24": {
                "start": {
                    "line": 29,
                    "column": 4
                },
                "end": {
                    "line": 29,
                    "column": 28
                }
            },
            "25": {
                "start": {
                    "line": 29,
                    "column": 16
                },
                "end": {
                    "line": 29,
                    "column": 28
                }
            },
            "26": {
                "start": {
                    "line": 30,
                    "column": 25
                },
                "end": {
                    "line": 30,
                    "column": 56
                }
            },
            "27": {
                "start": {
                    "line": 31,
                    "column": 22
                },
                "end": {
                    "line": 31,
                    "column": 41
                }
            },
            "28": {
                "start": {
                    "line": 32,
                    "column": 22
                },
                "end": {
                    "line": 38,
                    "column": 5
                }
            },
            "29": {
                "start": {
                    "line": 39,
                    "column": 17
                },
                "end": {
                    "line": 39,
                    "column": 54
                }
            },
            "30": {
                "start": {
                    "line": 40,
                    "column": 4
                },
                "end": {
                    "line": 40,
                    "column": 16
                }
            },
            "31": {
                "start": {
                    "line": 43,
                    "column": 21
                },
                "end": {
                    "line": 47,
                    "column": 1
                }
            },
            "32": {
                "start": {
                    "line": 44,
                    "column": 4
                },
                "end": {
                    "line": 44,
                    "column": 38
                }
            },
            "33": {
                "start": {
                    "line": 44,
                    "column": 26
                },
                "end": {
                    "line": 44,
                    "column": 38
                }
            },
            "34": {
                "start": {
                    "line": 45,
                    "column": 17
                },
                "end": {
                    "line": 45,
                    "column": 56
                }
            },
            "35": {
                "start": {
                    "line": 46,
                    "column": 4
                },
                "end": {
                    "line": 46,
                    "column": 16
                }
            },
            "36": {
                "start": {
                    "line": 49,
                    "column": 22
                },
                "end": {
                    "line": 57,
                    "column": 1
                }
            },
            "37": {
                "start": {
                    "line": 50,
                    "column": 4
                },
                "end": {
                    "line": 50,
                    "column": 58
                }
            },
            "38": {
                "start": {
                    "line": 50,
                    "column": 46
                },
                "end": {
                    "line": 50,
                    "column": 58
                }
            },
            "39": {
                "start": {
                    "line": 51,
                    "column": 27
                },
                "end": {
                    "line": 51,
                    "column": 62
                }
            },
            "40": {
                "start": {
                    "line": 52,
                    "column": 21
                },
                "end": {
                    "line": 52,
                    "column": 93
                }
            },
            "41": {
                "start": {
                    "line": 52,
                    "column": 54
                },
                "end": {
                    "line": 52,
                    "column": 91
                }
            },
            "42": {
                "start": {
                    "line": 53,
                    "column": 4
                },
                "end": {
                    "line": 53,
                    "column": 42
                }
            },
            "43": {
                "start": {
                    "line": 53,
                    "column": 30
                },
                "end": {
                    "line": 53,
                    "column": 42
                }
            },
            "44": {
                "start": {
                    "line": 54,
                    "column": 24
                },
                "end": {
                    "line": 54,
                    "column": 35
                }
            },
            "45": {
                "start": {
                    "line": 55,
                    "column": 4
                },
                "end": {
                    "line": 55,
                    "column": 58
                }
            },
            "46": {
                "start": {
                    "line": 56,
                    "column": 4
                },
                "end": {
                    "line": 56,
                    "column": 64
                }
            },
            "47": {
                "start": {
                    "line": 59,
                    "column": 0
                },
                "end": {
                    "line": 67,
                    "column": 2
                }
            }
        },
        "fnMap": {
            "0": {
                "name": "(anonymous_0)",
                "decl": {
                    "start": {
                        "line": 3,
                        "column": 22
                    },
                    "end": {
                        "line": 3,
                        "column": 23
                    }
                },
                "loc": {
                    "start": {
                        "line": 3,
                        "column": 34
                    },
                    "end": {
                        "line": 6,
                        "column": 1
                    }
                },
                "line": 3
            },
            "1": {
                "name": "(anonymous_1)",
                "decl": {
                    "start": {
                        "line": 8,
                        "column": 18
                    },
                    "end": {
                        "line": 8,
                        "column": 19
                    }
                },
                "loc": {
                    "start": {
                        "line": 8,
                        "column": 37
                    },
                    "end": {
                        "line": 12,
                        "column": 1
                    }
                },
                "line": 8
            },
            "2": {
                "name": "(anonymous_2)",
                "decl": {
                    "start": {
                        "line": 14,
                        "column": 30
                    },
                    "end": {
                        "line": 14,
                        "column": 31
                    }
                },
                "loc": {
                    "start": {
                        "line": 14,
                        "column": 51
                    },
                    "end": {
                        "line": 19,
                        "column": 1
                    }
                },
                "line": 14
            },
            "3": {
                "name": "(anonymous_3)",
                "decl": {
                    "start": {
                        "line": 17,
                        "column": 38
                    },
                    "end": {
                        "line": 17,
                        "column": 39
                    }
                },
                "loc": {
                    "start": {
                        "line": 17,
                        "column": 48
                    },
                    "end": {
                        "line": 17,
                        "column": 92
                    }
                },
                "line": 17
            },
            "4": {
                "name": "(anonymous_4)",
                "decl": {
                    "start": {
                        "line": 21,
                        "column": 27
                    },
                    "end": {
                        "line": 21,
                        "column": 28
                    }
                },
                "loc": {
                    "start": {
                        "line": 21,
                        "column": 43
                    },
                    "end": {
                        "line": 26,
                        "column": 1
                    }
                },
                "line": 21
            },
            "5": {
                "name": "(anonymous_5)",
                "decl": {
                    "start": {
                        "line": 24,
                        "column": 38
                    },
                    "end": {
                        "line": 24,
                        "column": 39
                    }
                },
                "loc": {
                    "start": {
                        "line": 24,
                        "column": 48
                    },
                    "end": {
                        "line": 24,
                        "column": 81
                    }
                },
                "line": 24
            },
            "6": {
                "name": "(anonymous_6)",
                "decl": {
                    "start": {
                        "line": 28,
                        "column": 18
                    },
                    "end": {
                        "line": 28,
                        "column": 19
                    }
                },
                "loc": {
                    "start": {
                        "line": 28,
                        "column": 34
                    },
                    "end": {
                        "line": 41,
                        "column": 1
                    }
                },
                "line": 28
            },
            "7": {
                "name": "(anonymous_7)",
                "decl": {
                    "start": {
                        "line": 43,
                        "column": 21
                    },
                    "end": {
                        "line": 43,
                        "column": 22
                    }
                },
                "loc": {
                    "start": {
                        "line": 43,
                        "column": 40
                    },
                    "end": {
                        "line": 47,
                        "column": 1
                    }
                },
                "line": 43
            },
            "8": {
                "name": "(anonymous_8)",
                "decl": {
                    "start": {
                        "line": 49,
                        "column": 22
                    },
                    "end": {
                        "line": 49,
                        "column": 23
                    }
                },
                "loc": {
                    "start": {
                        "line": 49,
                        "column": 53
                    },
                    "end": {
                        "line": 57,
                        "column": 1
                    }
                },
                "line": 49
            },
            "9": {
                "name": "(anonymous_9)",
                "decl": {
                    "start": {
                        "line": 52,
                        "column": 43
                    },
                    "end": {
                        "line": 52,
                        "column": 44
                    }
                },
                "loc": {
                    "start": {
                        "line": 52,
                        "column": 53
                    },
                    "end": {
                        "line": 52,
                        "column": 92
                    }
                },
                "line": 52
            }
        },
        "branchMap": {
            "0": {
                "loc": {
                    "start": {
                        "line": 9,
                        "column": 4
                    },
                    "end": {
                        "line": 9,
                        "column": 38
                    }
                },
                "type": "if",
                "locations": [
                    {
                        "start": {
                            "line": 9,
                            "column": 4
                        },
                        "end": {
                            "line": 9,
                            "column": 38
                        }
                    },
                    {
                        "start": {},
                        "end": {}
                    }
                ],
                "line": 9
            },
            "1": {
                "loc": {
                    "start": {
                        "line": 15,
                        "column": 4
                    },
                    "end": {
                        "line": 15,
                        "column": 33
                    }
                },
                "type": "if",
                "locations": [
                    {
                        "start": {
                            "line": 15,
                            "column": 4
                        },
                        "end": {
                            "line": 15,
                            "column": 33
                        }
                    },
                    {
                        "start": {},
                        "end": {}
                    }
                ],
                "line": 15
            },
            "2": {
                "loc": {
                    "start": {
                        "line": 22,
                        "column": 4
                    },
                    "end": {
                        "line": 22,
                        "column": 28
                    }
                },
                "type": "if",
                "locations": [
                    {
                        "start": {
                            "line": 22,
                            "column": 4
                        },
                        "end": {
                            "line": 22,
                            "column": 28
                        }
                    },
                    {
                        "start": {},
                        "end": {}
                    }
                ],
                "line": 22
            },
            "3": {
                "loc": {
                    "start": {
                        "line": 29,
                        "column": 4
                    },
                    "end": {
                        "line": 29,
                        "column": 28
                    }
                },
                "type": "if",
                "locations": [
                    {
                        "start": {
                            "line": 29,
                            "column": 4
                        },
                        "end": {
                            "line": 29,
                            "column": 28
                        }
                    },
                    {
                        "start": {},
                        "end": {}
                    }
                ],
                "line": 29
            },
            "4": {
                "loc": {
                    "start": {
                        "line": 44,
                        "column": 4
                    },
                    "end": {
                        "line": 44,
                        "column": 38
                    }
                },
                "type": "if",
                "locations": [
                    {
                        "start": {
                            "line": 44,
                            "column": 4
                        },
                        "end": {
                            "line": 44,
                            "column": 38
                        }
                    },
                    {
                        "start": {},
                        "end": {}
                    }
                ],
                "line": 44
            },
            "5": {
                "loc": {
                    "start": {
                        "line": 50,
                        "column": 4
                    },
                    "end": {
                        "line": 50,
                        "column": 58
                    }
                },
                "type": "if",
                "locations": [
                    {
                        "start": {
                            "line": 50,
                            "column": 4
                        },
                        "end": {
                            "line": 50,
                            "column": 58
                        }
                    },
                    {
                        "start": {},
                        "end": {}
                    }
                ],
                "line": 50
            },
            "6": {
                "loc": {
                    "start": {
                        "line": 50,
                        "column": 7
                    },
                    "end": {
                        "line": 50,
                        "column": 44
                    }
                },
                "type": "binary-expr",
                "locations": [
                    {
                        "start": {
                            "line": 50,
                            "column": 7
                        },
                        "end": {
                            "line": 50,
                            "column": 24
                        }
                    },
                    {
                        "start": {
                            "line": 50,
                            "column": 28
                        },
                        "end": {
                            "line": 50,
                            "column": 44
                        }
                    }
                ],
                "line": 50
            },
            "7": {
                "loc": {
                    "start": {
                        "line": 53,
                        "column": 4
                    },
                    "end": {
                        "line": 53,
                        "column": 42
                    }
                },
                "type": "if",
                "locations": [
                    {
                        "start": {
                            "line": 53,
                            "column": 4
                        },
                        "end": {
                            "line": 53,
                            "column": 42
                        }
                    },
                    {
                        "start": {},
                        "end": {}
                    }
                ],
                "line": 53
            },
            "8": {
                "loc": {
                    "start": {
                        "line": 55,
                        "column": 25
                    },
                    "end": {
                        "line": 55,
                        "column": 57
                    }
                },
                "type": "cond-expr",
                "locations": [
                    {
                        "start": {
                            "line": 55,
                            "column": 36
                        },
                        "end": {
                            "line": 55,
                            "column": 46
                        }
                    },
                    {
                        "start": {
                            "line": 55,
                            "column": 49
                        },
                        "end": {
                            "line": 55,
                            "column": 57
                        }
                    }
                ],
                "line": 55
            }
        },
        "s": {
            "0": 1,
            "1": 1,
            "2": 3,
            "3": 3,
            "4": 1,
            "5": 2,
            "6": 1,
            "7": 1,
            "8": 1,
            "9": 1,
            "10": 2,
            "11": 1,
            "12": 1,
            "13": 1,
            "14": 2,
            "15": 1,
            "16": 1,
            "17": 4,
            "18": 1,
            "19": 3,
            "20": 3,
            "21": 5,
            "22": 3,
            "23": 1,
            "24": 2,
            "25": 1,
            "26": 1,
            "27": 1,
            "28": 1,
            "29": 1,
            "30": 1,
            "31": 1,
            "32": 2,
            "33": 1,
            "34": 1,
            "35": 1,
            "36": 1,
            "37": 4,
            "38": 2,
            "39": 2,
            "40": 2,
            "41": 2,
            "42": 2,
            "43": 0,
            "44": 2,
            "45": 2,
            "46": 2,
            "47": 1
        },
        "f": {
            "0": 3,
            "1": 2,
            "2": 2,
            "3": 2,
            "4": 4,
            "5": 5,
            "6": 2,
            "7": 2,
            "8": 4,
            "9": 2
        },
        "b": {
            "0": [
                1,
                1
            ],
            "1": [
                1,
                1
            ],
            "2": [
                1,
                3
            ],
            "3": [
                1,
                1
            ],
            "4": [
                1,
                1
            ],
            "5": [
                2,
                2
            ],
            "6": [
                4,
                3
            ],
            "7": [
                0,
                2
            ],
            "8": [
                2,
                0
            ]
        },
        "_coverageSchema": "1a1c01bbd47fc00a2c39e90264f33305004495a9",
        "hash": "75457ef72c7f52719937ea5b9181b9add994057c"
    },
    "C:\\Users\\jqfri\\Revature\\project1\\src\\service\\userService.js": {
        "path": "C:\\Users\\jqfri\\Revature\\project1\\src\\service\\userService.js",
        "statementMap": {
            "0": {
                "start": {
                    "line": 1,
                    "column": 16
                },
                "end": {
                    "line": 1,
                    "column": 48
                }
            },
            "1": {
                "start": {
                    "line": 2,
                    "column": 12
                },
                "end": {
                    "line": 2,
                    "column": 35
                }
            },
            "2": {
                "start": {
                    "line": 3,
                    "column": 15
                },
                "end": {
                    "line": 3,
                    "column": 32
                }
            },
            "3": {
                "start": {
                    "line": 4,
                    "column": 15
                },
                "end": {
                    "line": 4,
                    "column": 32
                }
            },
            "4": {
                "start": {
                    "line": 5,
                    "column": 0
                },
                "end": {
                    "line": 5,
                    "column": 16
                }
            },
            "5": {
                "start": {
                    "line": 7,
                    "column": 19
                },
                "end": {
                    "line": 7,
                    "column": 21
                }
            },
            "6": {
                "start": {
                    "line": 8,
                    "column": 18
                },
                "end": {
                    "line": 8,
                    "column": 43
                }
            },
            "7": {
                "start": {
                    "line": 10,
                    "column": 20
                },
                "end": {
                    "line": 13,
                    "column": 1
                }
            },
            "8": {
                "start": {
                    "line": 11,
                    "column": 17
                },
                "end": {
                    "line": 11,
                    "column": 44
                }
            },
            "9": {
                "start": {
                    "line": 12,
                    "column": 4
                },
                "end": {
                    "line": 12,
                    "column": 16
                }
            },
            "10": {
                "start": {
                    "line": 15,
                    "column": 16
                },
                "end": {
                    "line": 19,
                    "column": 1
                }
            },
            "11": {
                "start": {
                    "line": 16,
                    "column": 4
                },
                "end": {
                    "line": 16,
                    "column": 36
                }
            },
            "12": {
                "start": {
                    "line": 16,
                    "column": 24
                },
                "end": {
                    "line": 16,
                    "column": 36
                }
            },
            "13": {
                "start": {
                    "line": 17,
                    "column": 17
                },
                "end": {
                    "line": 17,
                    "column": 47
                }
            },
            "14": {
                "start": {
                    "line": 18,
                    "column": 4
                },
                "end": {
                    "line": 18,
                    "column": 16
                }
            },
            "15": {
                "start": {
                    "line": 21,
                    "column": 26
                },
                "end": {
                    "line": 26,
                    "column": 1
                }
            },
            "16": {
                "start": {
                    "line": 22,
                    "column": 4
                },
                "end": {
                    "line": 22,
                    "column": 30
                }
            },
            "17": {
                "start": {
                    "line": 22,
                    "column": 18
                },
                "end": {
                    "line": 22,
                    "column": 30
                }
            },
            "18": {
                "start": {
                    "line": 23,
                    "column": 23
                },
                "end": {
                    "line": 23,
                    "column": 50
                }
            },
            "19": {
                "start": {
                    "line": 24,
                    "column": 18
                },
                "end": {
                    "line": 24,
                    "column": 80
                }
            },
            "20": {
                "start": {
                    "line": 24,
                    "column": 45
                },
                "end": {
                    "line": 24,
                    "column": 78
                }
            },
            "21": {
                "start": {
                    "line": 25,
                    "column": 4
                },
                "end": {
                    "line": 25,
                    "column": 20
                }
            },
            "22": {
                "start": {
                    "line": 28,
                    "column": 21
                },
                "end": {
                    "line": 43,
                    "column": 1
                }
            },
            "23": {
                "start": {
                    "line": 29,
                    "column": 4
                },
                "end": {
                    "line": 29,
                    "column": 43
                }
            },
            "24": {
                "start": {
                    "line": 29,
                    "column": 31
                },
                "end": {
                    "line": 29,
                    "column": 43
                }
            },
            "25": {
                "start": {
                    "line": 30,
                    "column": 23
                },
                "end": {
                    "line": 30,
                    "column": 50
                }
            },
            "26": {
                "start": {
                    "line": 31,
                    "column": 20
                },
                "end": {
                    "line": 31,
                    "column": 37
                }
            },
            "27": {
                "start": {
                    "line": 32,
                    "column": 22
                },
                "end": {
                    "line": 32,
                    "column": 84
                }
            },
            "28": {
                "start": {
                    "line": 32,
                    "column": 49
                },
                "end": {
                    "line": 32,
                    "column": 82
                }
            },
            "29": {
                "start": {
                    "line": 33,
                    "column": 4
                },
                "end": {
                    "line": 33,
                    "column": 45
                }
            },
            "30": {
                "start": {
                    "line": 33,
                    "column": 33
                },
                "end": {
                    "line": 33,
                    "column": 45
                }
            },
            "31": {
                "start": {
                    "line": 34,
                    "column": 22
                },
                "end": {
                    "line": 34,
                    "column": 61
                }
            },
            "32": {
                "start": {
                    "line": 35,
                    "column": 20
                },
                "end": {
                    "line": 40,
                    "column": 5
                }
            },
            "33": {
                "start": {
                    "line": 41,
                    "column": 17
                },
                "end": {
                    "line": 41,
                    "column": 48
                }
            },
            "34": {
                "start": {
                    "line": 42,
                    "column": 4
                },
                "end": {
                    "line": 42,
                    "column": 16
                }
            },
            "35": {
                "start": {
                    "line": 45,
                    "column": 18
                },
                "end": {
                    "line": 60,
                    "column": 1
                }
            },
            "36": {
                "start": {
                    "line": 46,
                    "column": 4
                },
                "end": {
                    "line": 46,
                    "column": 43
                }
            },
            "37": {
                "start": {
                    "line": 46,
                    "column": 31
                },
                "end": {
                    "line": 46,
                    "column": 43
                }
            },
            "38": {
                "start": {
                    "line": 47,
                    "column": 22
                },
                "end": {
                    "line": 47,
                    "column": 55
                }
            },
            "39": {
                "start": {
                    "line": 48,
                    "column": 4
                },
                "end": {
                    "line": 48,
                    "column": 88
                }
            },
            "40": {
                "start": {
                    "line": 48,
                    "column": 76
                },
                "end": {
                    "line": 48,
                    "column": 88
                }
            },
            "41": {
                "start": {
                    "line": 49,
                    "column": 18
                },
                "end": {
                    "line": 58,
                    "column": 10
                }
            },
            "42": {
                "start": {
                    "line": 59,
                    "column": 4
                },
                "end": {
                    "line": 59,
                    "column": 17
                }
            },
            "43": {
                "start": {
                    "line": 62,
                    "column": 25
                },
                "end": {
                    "line": 65,
                    "column": 1
                }
            },
            "44": {
                "start": {
                    "line": 63,
                    "column": 4
                },
                "end": {
                    "line": 63,
                    "column": 27
                }
            },
            "45": {
                "start": {
                    "line": 63,
                    "column": 15
                },
                "end": {
                    "line": 63,
                    "column": 27
                }
            },
            "46": {
                "start": {
                    "line": 64,
                    "column": 4
                },
                "end": {
                    "line": 64,
                    "column": 40
                }
            },
            "47": {
                "start": {
                    "line": 67,
                    "column": 19
                },
                "end": {
                    "line": 71,
                    "column": 1
                }
            },
            "48": {
                "start": {
                    "line": 68,
                    "column": 4
                },
                "end": {
                    "line": 68,
                    "column": 36
                }
            },
            "49": {
                "start": {
                    "line": 68,
                    "column": 24
                },
                "end": {
                    "line": 68,
                    "column": 36
                }
            },
            "50": {
                "start": {
                    "line": 69,
                    "column": 17
                },
                "end": {
                    "line": 69,
                    "column": 50
                }
            },
            "51": {
                "start": {
                    "line": 70,
                    "column": 4
                },
                "end": {
                    "line": 70,
                    "column": 16
                }
            },
            "52": {
                "start": {
                    "line": 73,
                    "column": 0
                },
                "end": {
                    "line": 81,
                    "column": 2
                }
            }
        },
        "fnMap": {
            "0": {
                "name": "(anonymous_0)",
                "decl": {
                    "start": {
                        "line": 10,
                        "column": 20
                    },
                    "end": {
                        "line": 10,
                        "column": 21
                    }
                },
                "loc": {
                    "start": {
                        "line": 10,
                        "column": 32
                    },
                    "end": {
                        "line": 13,
                        "column": 1
                    }
                },
                "line": 10
            },
            "1": {
                "name": "(anonymous_1)",
                "decl": {
                    "start": {
                        "line": 15,
                        "column": 16
                    },
                    "end": {
                        "line": 15,
                        "column": 17
                    }
                },
                "loc": {
                    "start": {
                        "line": 15,
                        "column": 33
                    },
                    "end": {
                        "line": 19,
                        "column": 1
                    }
                },
                "line": 15
[...]
                    },
                    "end": {
                        "line": 60,
                        "column": 1
                    }
                },
                "line": 45
            },
            "7": {
                "name": "(anonymous_7)",
                "decl": {
                    "start": {
                        "line": 62,
                        "column": 25
                    },
                    "end": {
                        "line": 62,
                        "column": 26
                    }
                },
                "loc": {
                    "start": {
                        "line": 62,
                        "column": 34
                    },
                    "end": {
                        "line": 65,
                        "column": 1
                    }
                },
                "line": 62
            },
            "8": {
                "name": "(anonymous_8)",
                "decl": {
                    "start": {
                        "line": 67,
                        "column": 19
                    },
                    "end": {
                        "line": 67,
                        "column": 20
                    }
                },
                "loc": {
                    "start": {
                        "line": 67,
                        "column": 36
                    },
                    "end": {
                        "line": 71,
                        "column": 1
                    }
                },
                "line": 67
            }
        },
        "branchMap": {
            "0": {
                "loc": {
                    "start": {
                        "line": 16,
                        "column": 4
                    },
                    "end": {
                        "line": 16,
                        "column": 36
                    }
                },
                "type": "if",
                "locations": [
                    {
                        "start": {
                            "line": 16,
                            "column": 4
                        },
                        "end": {
                            "line": 16,
                            "column": 36
                        }
                    },
                    {
                        "start": {},
                        "end": {}
                    }
                ],
                "line": 16
            },
            "1": {
                "loc": {
                    "start": {
                        "line": 22,
                        "column": 4
                    },
                    "end": {
                        "line": 22,
                        "column": 30
                    }
                },
                "type": "if",
                "locations": [
                    {
                        "start": {
                            "line": 22,
                            "column": 4
                        },
                        "end": {
                            "line": 22,
                            "column": 30
                        }
                    },
                    {
                        "start": {},
                        "end": {}
                    }
                ],
                "line": 22
            },
            "2": {
                "loc": {
                    "start": {
                        "line": 28,
                        "column": 48
                    },
                    "end": {
                        "line": 28,
                        "column": 61
                    }
                },
                "type": "default-arg",
                "locations": [
                    {
                        "start": {
                            "line": 28,
                            "column": 56
                        },
                        "end": {
                            "line": 28,
                            "column": 61
                        }
                    }
                ],
                "line": 28
            },
            "3": {
                "loc": {
                    "start": {
                        "line": 29,
                        "column": 4
                    },
                    "end": {
                        "line": 29,
                        "column": 43
                    }
                },
                "type": "if",
                "locations": [
                    {
                        "start": {
                            "line": 29,
                            "column": 4
                        },
                        "end": {
                            "line": 29,
                            "column": 43
                        }
                    },
                    {
                        "start": {},
                        "end": {}
                    }
                ],
                "line": 29
            },
            "4": {
                "loc": {
                    "start": {
                        "line": 29,
                        "column": 7
                    },
                    "end": {
                        "line": 29,
                        "column": 29
                    }
                },
                "type": "binary-expr",
                "locations": [
                    {
                        "start": {
                            "line": 29,
                            "column": 7
                        },
                        "end": {
                            "line": 29,
                            "column": 16
                        }
                    },
                    {
                        "start": {
                            "line": 29,
                            "column": 20
                        },
                        "end": {
                            "line": 29,
                            "column": 29
                        }
                    }
                ],
                "line": 29
            },
            "5": {
                "loc": {
                    "start": {
                        "line": 33,
                        "column": 4
                    },
                    "end": {
                        "line": 33,
                        "column": 45
                    }
                },
                "type": "if",
                "locations": [
                    {
                        "start": {
                            "line": 33,
                            "column": 4
                        },
                        "end": {
                            "line": 33,
                            "column": 45
                        }
                    },
                    {
                        "start": {},
                        "end": {}
                    }
                ],
                "line": 33
            },
            "6": {
                "loc": {
                    "start": {
                        "line": 39,
                        "column": 14
                    },
                    "end": {
                        "line": 39,
                        "column": 46
                    }
                },
                "type": "cond-expr",
                "locations": [
                    {
                        "start": {
                            "line": 39,
                            "column": 24
                        },
                        "end": {
                            "line": 39,
                            "column": 33
                        }
                    },
                    {
                        "start": {
                            "line": 39,
                            "column": 36
                        },
                        "end": {
                            "line": 39,
                            "column": 46
                        }
                    }
                ],
                "line": 39
            },
            "7": {
                "loc": {
                    "start": {
                        "line": 46,
                        "column": 4
                    },
                    "end": {
                        "line": 46,
                        "column": 43
                    }
                },
                "type": "if",
                "locations": [
                    {
                        "start": {
                            "line": 46,
                            "column": 4
                        },
                        "end": {
                            "line": 46,
                            "column": 43
                        }
                    },
                    {
                        "start": {},
                        "end": {}
                    }
                ],
                "line": 46
            },
            "8": {
                "loc": {
                    "start": {
                        "line": 46,
                        "column": 7
                    },
                    "end": {
                        "line": 46,
                        "column": 29
                    }
                },
                "type": "binary-expr",
                "locations": [
                    {
                        "start": {
                            "line": 46,
                            "column": 7
                        },
                        "end": {
                            "line": 46,
                            "column": 16
                        }
                    },
                    {
                        "start": {
                            "line": 46,
                            "column": 20
                        },
                        "end": {
                            "line": 46,
                            "column": 29
                        }
                    }
                ],
                "line": 46
            },
            "9": {
                "loc": {
                    "start": {
                        "line": 48,
                        "column": 4
                    },
                    "end": {
                        "line": 48,
                        "column": 88
                    }
                },
                "type": "if",
                "locations": [
                    {
                        "start": {
                            "line": 48,
                            "column": 4
                        },
                        "end": {
                            "line": 48,
                            "column": 88
                        }
                    },
                    {
                        "start": {},
                        "end": {}
                    }
                ],
                "line": 48
            },
            "10": {
                "loc": {
                    "start": {
                        "line": 48,
                        "column": 7
                    },
                    "end": {
                        "line": 48,
                        "column": 74
                    }
                },
                "type": "binary-expr",
                "locations": [
                    {
                        "start": {
                            "line": 48,
                            "column": 7
                        },
                        "end": {
                            "line": 48,
                            "column": 17
                        }
                    },
                    {
                        "start": {
                            "line": 48,
                            "column": 21
                        },
                        "end": {
                            "line": 48,
                            "column": 74
                        }
                    }
                ],
                "line": 48
            },
            "11": {
                "loc": {
                    "start": {
                        "line": 63,
                        "column": 4
                    },
                    "end": {
                        "line": 63,
                        "column": 27
                    }
                },
                "type": "if",
                "locations": [
                    {
                        "start": {
                            "line": 63,
                            "column": 4
                        },
                        "end": {
                            "line": 63,
                            "column": 27
                        }
                    },
                    {
                        "start": {},
                        "end": {}
                    }
                ],
                "line": 63
            },
            "12": {
                "loc": {
                    "start": {
                        "line": 68,
                        "column": 4
                    },
                    "end": {
                        "line": 68,
                        "column": 36
                    }
                },
                "type": "if",
                "locations": [
                    {
                        "start": {
                            "line": 68,
                            "column": 4
                        },
                        "end": {
                            "line": 68,
                            "column": 36
                        }
                    },
                    {
                        "start": {},
                        "end": {}
                    }
                ],
                "line": 68
            }
        },
        "s": {
            "0": 1,
            "1": 1,
            "2": 1,
            "3": 1,
            "4": 1,
            "5": 1,
            "6": 1,
            "7": 1,
            "8": 3,
            "9": 3,
            "10": 1,
            "11": 2,
            "12": 1,
            "13": 1,
            "14": 1,
            "15": 1,
            "16": 6,
            "17": 1,
            "18": 5,
            "19": 5,
            "20": 5,
            "21": 5,
            "22": 1,
            "23": 5,
            "24": 2,
            "25": 3,
            "26": 3,
            "27": 3,
            "28": 1,
            "29": 3,
            "30": 1,
            "31": 2,
            "32": 2,
            "33": 2,
            "34": 2,
            "35": 1,
            "36": 5,
            "37": 2,
            "38": 3,
            "39": 3,
            "40": 2,
            "41": 1,
            "42": 1,
            "43": 1,
            "44": 3,
            "45": 1,
            "46": 2,
            "47": 1,
            "48": 2,
            "49": 1,
            "50": 1,
            "51": 1,
            "52": 1
        },
        "f": {
            "0": 3,
            "1": 2,
            "2": 6,
            "3": 5,
            "4": 5,
            "5": 1,
            "6": 5,
            "7": 3,
            "8": 2
        },
        "b": {
            "0": [
                1,
                1
            ],
            "1": [
                1,
                5
            ],
            "2": [
                4
            ],
            "3": [
                2,
                3
            ],
            "4": [
                5,
                4
            ],
            "5": [
                1,
                2
            ],
            "6": [
                1,
                1
            ],
            "7": [
                2,
                3
            ],
            "8": [
                5,
                4
            ],
            "9": [
                2,
                1
            ],
            "10": [
                3,
                2
            ],
            "11": [
                1,
                2
            ],
            "12": [
                1,
                1
            ]
        },
        "_coverageSchema": "1a1c01bbd47fc00a2c39e90264f33305004495a9",
        "hash": "b8978f2fd077651a96acce3df51c7e161e446a3b"
    },
    "C:\\Users\\jqfri\\Revature\\project1\\src\\util\\logger.js": {
        "path": "C:\\Users\\jqfri\\Revature\\project1\\src\\util\\logger.js",
        "statementMap": {
            "0": {
                "start": {
                    "line": 1,
                    "column": 45
                },
                "end": {
                    "line": 1,
                    "column": 63
                }
            },
            "1": {
                "start": {
                    "line": 2,
                    "column": 15
                },
                "end": {
                    "line": 14,
                    "column": 2
                }
            },
            "2": {
                "start": {
                    "line": 7,
                    "column": 12
                },
                "end": {
                    "line": 7,
                    "column": 57
                }
            },
            "3": {
                "start": {
                    "line": 16,
                    "column": 0
                },
                "end": {
                    "line": 19,
                    "column": 3
                }
            },
            "4": {
                "start": {
                    "line": 17,
                    "column": 4
                },
                "end": {
                    "line": 17,
                    "column": 47
                }
            },
            "5": {
                "start": {
                    "line": 18,
                    "column": 4
                },
                "end": {
                    "line": 18,
                    "column": 20
                }
            },
            "6": {
                "start": {
                    "line": 21,
                    "column": 0
                },
                "end": {
                    "line": 21,
                    "column": 24
                }
            }
        },
        "fnMap": {
            "0": {
                "name": "(anonymous_0)",
                "decl": {
                    "start": {
                        "line": 6,
                        "column": 22
                    },
                    "end": {
                        "line": 6,
                        "column": 23
                    }
                },
                "loc": {
                    "start": {
                        "line": 6,
                        "column": 55
                    },
                    "end": {
                        "line": 8,
                        "column": 9
                    }
                },
                "line": 6
            },
            "1": {
                "name": "(anonymous_1)",
                "decl": {
                    "start": {
                        "line": 16,
                        "column": 32
                    },
                    "end": {
                        "line": 16,
                        "column": 33
                    }
                },
                "loc": {
                    "start": {
                        "line": 16,
                        "column": 39
                    },
                    "end": {
                        "line": 19,
                        "column": 1
                    }
                },
                "line": 16
            }
        },
        "branchMap": {},
        "s": {
            "0": 2,
            "1": 2,
            "2": 0,
            "3": 2,
            "4": 0,
            "5": 0,
            "6": 2
        },
        "f": {
            "0": 0,
            "1": 0
        },
        "b": {},
        "_coverageSchema": "1a1c01bbd47fc00a2c39e90264f33305004495a9",
        "hash": "1bf1ef07eb7dde97ef9654e67217b7c87f170a01"
    }
}