TN:
SF:src\repository\ticketDAO.js
FN:9,(anonymous_0)
FN:20,(anonymous_1)
FN:34,(anonymous_2)
FN:46,(anonymous_3)
FN:63,(anonymous_4)
FNF:5
FNH:0
FNDA:0,(anonymous_0)
FNDA:0,(anonymous_1)
FNDA:0,(anonymous_2)
FNDA:0,(anonymous_3)
FNDA:0,(anonymous_4)
DA:1,1
DA:2,1
DA:3,1
DA:4,1
DA:5,1
DA:7,1
DA:9,1
DA:10,0
DA:13,0
DA:14,0
DA:15,0
DA:17,0
DA:20,1
DA:21,0
DA:27,0
DA:28,0
DA:29,0
DA:31,0
DA:34,1
DA:35,0
DA:39,0
DA:40,0
DA:41,0
DA:43,0
DA:46,1
DA:47,0
DA:56,0
DA:57,0
DA:58,0
DA:60,0
DA:63,1
DA:64,0
DA:70,0
DA:71,0
DA:72,0
DA:74,0
DA:78,1
LF:37
LH:12
BRDA:41,0,0,0
BRDA:41,0,1,0
BRDA:58,1,0,0
BRDA:58,1,1,0
BRDA:72,2,0,0
BRDA:72,2,1,0
BRF:6
BRH:0
end_of_record
TN:
SF:src\repository\userDAO.js
FN:9,(anonymous_0)
FN:20,(anonymous_1)
FN:34,(anonymous_2)
FN:46,(anonymous_3)
FN:63,(anonymous_4)
FNF:5
FNH:0
FNDA:0,(anonymous_0)
FNDA:0,(anonymous_1)
FNDA:0,(anonymous_2)
FNDA:0,(anonymous_3)
FNDA:0,(anonymous_4)
DA:1,1
DA:2,1
DA:3,1
DA:4,1
DA:5,1
DA:7,1
DA:9,1
DA:10,0
DA:13,0
DA:14,0
DA:15,0
DA:17,0
DA:20,1
DA:21,0
DA:27,0
DA:28,0
DA:29,0
DA:31,0
DA:34,1
DA:35,0
DA:39,0
DA:40,0
DA:41,0
DA:43,0
DA:46,1
DA:47,0
DA:56,0
DA:57,0
DA:58,0
DA:60,0
DA:63,1
DA:64,0
DA:70,0
DA:71,0
DA:72,0
DA:74,0
DA:78,1
LF:37
LH:12
BRDA:41,0,0,0
BRDA:41,0,1,0
BRDA:58,1,0,0
BRDA:58,1,1,0
BRDA:72,2,0,0
BRDA:72,2,1,0
BRF:6
BRH:0
end_of_record
TN:
SF:src\service\ticketService.js
FN:3,(anonymous_0)
FN:8,(anonymous_1)
FN:14,(anonymous_2)
FN:17,(anonymous_3)
FN:21,(anonymous_4)
FN:24,(anonymous_5)
FN:28,(anonymous_6)
FN:43,(anonymous_7)
FN:49,(anonymous_8)
FN:52,(anonymous_9)
FNF:10
FNH:10
FNDA:3,(anonymous_0)
FNDA:2,(anonymous_1)
FNDA:2,(anonymous_2)
FNDA:2,(anonymous_3)
FNDA:4,(anonymous_4)
FNDA:5,(anonymous_5)
FNDA:2,(anonymous_6)
FNDA:2,(anonymous_7)
FNDA:4,(anonymous_8)
FNDA:2,(anonymous_9)
DA:1,1
DA:3,1
DA:4,3
DA:5,3
DA:8,1
DA:9,2
DA:10,1
DA:11,1
DA:14,1
DA:15,2
DA:16,1
DA:17,2
DA:18,1
DA:21,1
DA:22,4
DA:23,3
DA:24,5
DA:25,3
DA:28,1
DA:29,2
DA:30,1
DA:31,1
DA:32,1
DA:39,1
DA:40,1
DA:43,1
DA:44,2
DA:45,1
DA:46,1
DA:49,1
DA:50,4
DA:51,2
DA:52,2
DA:53,2
DA:54,2
DA:55,2
DA:56,2
DA:59,1
LF:38
LH:38
BRDA:9,0,0,1
BRDA:9,0,1,1
BRDA:15,1,0,1
BRDA:15,1,1,1
BRDA:22,2,0,1
BRDA:22,2,1,3
BRDA:29,3,0,1
BRDA:29,3,1,1
BRDA:44,4,0,1
BRDA:44,4,1,1
BRDA:50,5,0,2
BRDA:50,5,1,2
BRDA:50,6,0,4
BRDA:50,6,1,3
BRDA:53,7,0,0
BRDA:53,7,1,2
BRDA:55,8,0,2
BRDA:55,8,1,0
BRF:18
BRH:16
end_of_record
TN:
SF:src\service\userService.js
FN:10,(anonymous_0)
FN:15,(anonymous_1)
FN:21,(anonymous_2)
FN:24,(anonymous_3)
FN:28,(anonymous_4)
FN:32,(anonymous_5)
FN:45,(anonymous_6)
FN:62,(anonymous_7)
FN:67,(anonymous_8)
FNF:9
FNH:9
FNDA:3,(anonymous_0)
FNDA:2,(anonymous_1)
FNDA:6,(anonymous_2)
FNDA:5,(anonymous_3)
FNDA:5,(anonymous_4)
FNDA:1,(anonymous_5)
FNDA:5,(anonymous_6)
FNDA:3,(anonymous_7)
FNDA:2,(anonymous_8)
DA:1,1
DA:2,1
DA:3,1
DA:4,1
DA:5,1
DA:7,1
DA:8,1
DA:10,1
DA:11,3
DA:12,3
DA:15,1
DA:16,2
DA:17,1
DA:18,1
DA:21,1
DA:22,6
DA:23,5
DA:24,5
DA:25,5
DA:28,1
DA:29,5
DA:30,3
DA:31,3
DA:32,3
DA:33,3
DA:34,2
DA:35,2
DA:41,2
DA:42,2
DA:45,1
DA:46,5
DA:47,3
DA:48,3
DA:49,1
DA:59,1
DA:62,1
DA:63,3
DA:64,2
DA:67,1
DA:68,2
DA:69,1
DA:70,1
DA:73,1
LF:43
LH:43
BRDA:16,0,0,1
BRDA:16,0,1,1
BRDA:22,1,0,1
BRDA:22,1,1,5
BRDA:28,2,0,4
BRDA:29,3,0,2
BRDA:29,3,1,3
BRDA:29,4,0,5
BRDA:29,4,1,4
BRDA:33,5,0,1
BRDA:33,5,1,2
BRDA:39,6,0,1
BRDA:39,6,1,1
BRDA:46,7,0,2
BRDA:46,7,1,3
BRDA:46,8,0,5
BRDA:46,8,1,4
BRDA:48,9,0,2
BRDA:48,9,1,1
BRDA:48,10,0,3
BRDA:48,10,1,2
BRDA:63,11,0,1
BRDA:63,11,1,2
BRDA:68,12,0,1
BRDA:68,12,1,1
BRF:25
BRH:25
end_of_record
TN:
SF:src\util\logger.js
FN:6,(anonymous_0)
FN:16,(anonymous_1)
FNF:2
FNH:0
FNDA:0,(anonymous_0)
FNDA:0,(anonymous_1)
DA:1,2
DA:2,2
DA:7,0
DA:16,2
DA:17,0
DA:18,0
DA:21,2
LF:7
LH:4
BRF:0
BRH:0
end_of_record
